<?xml version="1.0" encoding="UTF-8"?>
<robot generator="Robot 5.0.1 (Python 3.9.13 on win32)" generated="20230425 15:31:08.192" rpa="true" schemaversion="3">
<suite id="s1" name="Tasks" source="e:\RPA Level_2\tasks.robot">
<test id="s1-t1" name="Order robots from RobotSpareBin Industries Inc" line="11">
<kw name="Open the robot order website">
<kw name="Open Available Browser" library="RPA.Browser.Selenium">
<arg>https://robotsparebinindustries.com/</arg>
<doc>Attempts to open a browser on the user's device from a set of
supported browsers. Automatically downloads a corresponding webdriver
if none is already installed.</doc>
<msg timestamp="20230425 15:31:22.284" level="INFO">Creating an instance of the Chrome WebDriver.</msg>
<msg timestamp="20230425 15:31:22.332" level="INFO">====== WebDriver manager ======</msg>
<msg timestamp="20230425 15:31:28.851" level="INFO">Creating an instance of the Chrome WebDriver.</msg>
<msg timestamp="20230425 15:31:43.686" level="INFO">Created Chrome browser with arguments: --disable-dev-shm-usage --disable-web-security --allow-running-insecure-content --no-sandbox</msg>
<msg timestamp="20230425 15:31:43.686" level="INFO" html="true">&lt;p&gt;Attempted combinations:&lt;/p&gt;&lt;div class="doc"&gt;&lt;table&gt;&lt;tr&gt;&lt;th&gt;Browser&lt;/th&gt;&lt;th&gt;Download&lt;/th&gt;&lt;th&gt;Error&lt;/th&gt;&lt;/tr&gt;&lt;tr&gt;&lt;td&gt;Chrome&lt;/td&gt;&lt;td&gt;False&lt;/td&gt;&lt;td&gt;Message: 'chromedriver' executable needs to be in PATH. Please see https://chromedriver.chromium.org/home
&lt;/td&gt;&lt;/tr&gt;&lt;tr&gt;&lt;td&gt;Chrome&lt;/td&gt;&lt;td&gt;True&lt;/td&gt;&lt;td&gt;&lt;/td&gt;&lt;/tr&gt;&lt;/table&gt;&lt;/div&gt;</msg>
<msg timestamp="20230425 15:31:43.686" level="INFO">Opening url 'https://robotsparebinindustries.com/'</msg>
<status status="PASS" starttime="20230425 15:31:22.276" endtime="20230425 15:31:48.913"/>
</kw>
<status status="PASS" starttime="20230425 15:31:22.268" endtime="20230425 15:31:48.913"/>
</kw>
<kw name="Download order file">
<kw name="Download" library="RPA.HTTP">
<arg>https://robotsparebinindustries.com/orders.csv</arg>
<arg>overwrite=${True}</arg>
<doc>An alias for the ``HTTP Get`` keyword.</doc>
<msg timestamp="20230425 15:31:48.929" level="INFO">Creating a new HTTP session</msg>
<msg timestamp="20230425 15:31:48.929" level="INFO">Creating Session using : alias=rpasession_alias.httpsrobotsparebinindustries.com, url=https://robotsparebinindustries.com, headers={},                     cookies={}, auth=None, timeout=None, proxies=None, verify=True,                     debug=0 </msg>
<status status="PASS" starttime="20230425 15:31:48.921" endtime="20230425 15:31:52.404"/>
</kw>
<status status="PASS" starttime="20230425 15:31:48.921" endtime="20230425 15:31:52.404"/>
</kw>
<status status="PASS" starttime="20230425 15:31:22.260" endtime="20230425 15:31:52.412"/>
</test>
<doc>Orders robots from RobotSpareBin Industries Inc.
Saves the order HTML receipt as a PDF file.
Saves the screenshot of the ordered robot.
Embeds the screenshot of the robot to the PDF receipt.
Creates ZIP archive of the receipts and the images.</doc>
<status status="PASS" starttime="20230425 15:31:08.229" endtime="20230425 15:31:52.412"/>
</suite>
<statistics>
<total>
<stat pass="1" fail="0" skip="0">All Tasks</stat>
</total>
<tag>
</tag>
<suite>
<stat pass="1" fail="0" skip="0" id="s1" name="Tasks">Tasks</stat>
</suite>
</statistics>
<errors>
</errors>
</robot>
